[debug] [2023-05-16T17:18:11.905Z] ----------------------------------------------------------------------
[debug] [2023-05-16T17:18:11.908Z] Command:       C:\Program Files\nodejs\node.exe C:\Users\kaila\AppData\Roaming\npm\node_modules\firebase-tools\lib\bin\firebase.js init
[debug] [2023-05-16T17:18:11.909Z] CLI Version:   11.27.0
[debug] [2023-05-16T17:18:11.909Z] Platform:      win32
[debug] [2023-05-16T17:18:11.909Z] Node Version:  v18.12.1
[debug] [2023-05-16T17:18:11.910Z] Time:          Tue May 16 2023 22:48:11 GMT+0530 (India Standard Time)
[debug] [2023-05-16T17:18:11.910Z] ----------------------------------------------------------------------
[debug] 
[debug] [2023-05-16T17:18:11.915Z] > command requires scopes: ["email","openid","https://www.googleapis.com/auth/cloudplatformprojects.readonly","https://www.googleapis.com/auth/firebase","https://www.googleapis.com/auth/cloud-platform"]
[debug] [2023-05-16T17:18:11.916Z] > authorizing via signed-in user (kailashrajput8799@gmail.com)
[info] 
     ######## #### ########  ######## ########     ###     ######  ########
     ##        ##  ##     ## ##       ##     ##  ##   ##  ##       ##
     ######    ##  ########  ######   ########  #########  ######  ######
     ##        ##  ##    ##  ##       ##     ## ##     ##       ## ##
     ##       #### ##     ## ######## ########  ##     ##  ######  ########

You're about to initialize a Firebase project in this directory:

  D:\Project\React-native\Chatapp

[info] 
=== Project Setup
[info] 
[info] First, let's associate this project directory with a Firebase project.
[info] You can create multiple project aliases by running firebase use --add, 
[info] but for now we'll just set up a default project.
[info] 
[debug] [2023-05-16T17:18:25.554Z] >>> [apiv2][query] GET https://firebase.googleapis.com/v1beta1/projects pageSize=100
[debug] [2023-05-16T17:18:26.849Z] <<< [apiv2][status] GET https://firebase.googleapis.com/v1beta1/projects 200
[debug] [2023-05-16T17:18:26.849Z] <<< [apiv2][body] GET https://firebase.googleapis.com/v1beta1/projects [omitted]
[info] i  Using project chatapp-cdb61 (Chatapp) 
[info] 
=== Database Setup
[info] i  database: ensuring required API firebasedatabase.googleapis.com is enabled... 
[debug] [2023-05-16T17:18:27.893Z] >>> [apiv2][query] GET https://serviceusage.googleapis.com/v1/projects/chatapp-cdb61/services/firebasedatabase.googleapis.com [none]
[debug] [2023-05-16T17:18:27.893Z] >>> [apiv2][(partial)header] GET https://serviceusage.googleapis.com/v1/projects/chatapp-cdb61/services/firebasedatabase.googleapis.com x-goog-quota-user=projects/chatapp-cdb61
[debug] [2023-05-16T17:18:29.923Z] <<< [apiv2][status] GET https://serviceusage.googleapis.com/v1/projects/chatapp-cdb61/services/firebasedatabase.googleapis.com 200
[debug] [2023-05-16T17:18:29.924Z] <<< [apiv2][body] GET https://serviceusage.googleapis.com/v1/projects/chatapp-cdb61/services/firebasedatabase.googleapis.com [omitted]
[info] +  database: required API firebasedatabase.googleapis.com is enabled 
[info] 
[debug] [2023-05-16T17:18:29.926Z] >>> [apiv2][query] GET https://firebasedatabase.googleapis.com/v1beta/projects/chatapp-cdb61/locations/-/instances/chatapp-cdb61-default-rtdb [none]
[debug] [2023-05-16T17:18:30.998Z] <<< [apiv2][status] GET https://firebasedatabase.googleapis.com/v1beta/projects/chatapp-cdb61/locations/-/instances/chatapp-cdb61-default-rtdb 200
[debug] [2023-05-16T17:18:30.998Z] <<< [apiv2][body] GET https://firebasedatabase.googleapis.com/v1beta/projects/chatapp-cdb61/locations/-/instances/chatapp-cdb61-default-rtdb {"name":"projects/819232926738/locations/asia-southeast1/instances/chatapp-cdb61-default-rtdb","project":"projects/819232926738","databaseUrl":"https://chatapp-cdb61-default-rtdb.asia-southeast1.firebasedatabase.app","type":"DEFAULT_DATABASE","state":"ACTIVE"}
[info] 
[info] Firebase Realtime Database Security Rules allow you to define how your data should be
[info] structured and when your data can be read from and written to.
[info] 
[debug] [2023-05-16T17:18:43.239Z] >>> [apiv2][query] GET https://chatapp-cdb61-default-rtdb.asia-southeast1.firebasedatabase.app/.settings/rules.json [none]
[debug] [2023-05-16T17:18:44.040Z] <<< [apiv2][status] GET https://chatapp-cdb61-default-rtdb.asia-southeast1.firebasedatabase.app/.settings/rules.json 200
[debug] [2023-05-16T17:18:44.040Z] <<< [apiv2][body] GET https://chatapp-cdb61-default-rtdb.asia-southeast1.firebasedatabase.app/.settings/rules.json [stream]
[info] +  Database Rules for chatapp-cdb61-default-rtdb have been written to database.rules.json. 
[info] Future modifications to database.rules.json will update Realtime Database Security Rules when you run
[info] firebase deploy.
[info] 
=== Firestore Setup
[debug] [2023-05-16T17:18:44.047Z] >>> [apiv2][query] GET https://serviceusage.googleapis.com/v1/projects/chatapp-cdb61/services/firestore.googleapis.com [none]
[debug] [2023-05-16T17:18:44.048Z] >>> [apiv2][(partial)header] GET https://serviceusage.googleapis.com/v1/projects/chatapp-cdb61/services/firestore.googleapis.com x-goog-quota-user=projects/chatapp-cdb61
[debug] [2023-05-16T17:18:46.037Z] <<< [apiv2][status] GET https://serviceusage.googleapis.com/v1/projects/chatapp-cdb61/services/firestore.googleapis.com 200
[debug] [2023-05-16T17:18:46.037Z] <<< [apiv2][body] GET https://serviceusage.googleapis.com/v1/projects/chatapp-cdb61/services/firestore.googleapis.com [omitted]
[debug] [2023-05-16T17:18:46.038Z] >>> [apiv2][query] GET https://firestore.googleapis.com/v1/projects/chatapp-cdb61/databases/(default) [none]
[debug] [2023-05-16T17:18:46.562Z] <<< [apiv2][status] GET https://firestore.googleapis.com/v1/projects/chatapp-cdb61/databases/(default) 200
[debug] [2023-05-16T17:18:46.562Z] <<< [apiv2][body] GET https://firestore.googleapis.com/v1/projects/chatapp-cdb61/databases/(default) {"name":"projects/chatapp-cdb61/databases/(default)","uid":"43f882cc-0ff9-4b94-9426-0a9df251ed1f","createTime":"2023-05-16T17:17:36.141742Z","updateTime":"2023-05-16T17:17:36.141742Z","locationId":"asia-south1","type":"FIRESTORE_NATIVE","concurrencyMode":"PESSIMISTIC","appEngineIntegrationMode":"DISABLED","keyPrefix":"j","deleteProtectionState":"DELETE_PROTECTION_DISABLED","etag":"IMHrgp2s+v4CMK7riPur+v4C"}
[debug] [2023-05-16T17:18:46.562Z] database_type: FIRESTORE_NATIVE
[debug] [2023-05-16T17:18:46.563Z] > command requires scopes: ["email","openid","https://www.googleapis.com/auth/cloudplatformprojects.readonly","https://www.googleapis.com/auth/firebase","https://www.googleapis.com/auth/cloud-platform"]
[debug] [2023-05-16T17:18:46.563Z] > authorizing via signed-in user (kailashrajput8799@gmail.com)
[debug] [2023-05-16T17:18:46.564Z] [iam] checking project chatapp-cdb61 for permissions ["firebase.projects.get"]
[debug] [2023-05-16T17:18:46.565Z] >>> [apiv2][query] POST https://cloudresourcemanager.googleapis.com/v1/projects/chatapp-cdb61:testIamPermissions [none]
[debug] [2023-05-16T17:18:46.565Z] >>> [apiv2][(partial)header] POST https://cloudresourcemanager.googleapis.com/v1/projects/chatapp-cdb61:testIamPermissions x-goog-quota-user=projects/chatapp-cdb61
[debug] [2023-05-16T17:18:46.565Z] >>> [apiv2][body] POST https://cloudresourcemanager.googleapis.com/v1/projects/chatapp-cdb61:testIamPermissions {"permissions":["firebase.projects.get"]}
[debug] [2023-05-16T17:18:47.322Z] <<< [apiv2][status] POST https://cloudresourcemanager.googleapis.com/v1/projects/chatapp-cdb61:testIamPermissions 200
[debug] [2023-05-16T17:18:47.322Z] <<< [apiv2][body] POST https://cloudresourcemanager.googleapis.com/v1/projects/chatapp-cdb61:testIamPermissions {"permissions":["firebase.projects.get"]}
[info] 
[info] Firestore Security Rules allow you to define how and when to allow
[info] requests. You can keep these rules in your project directory
[info] and publish them with firebase deploy.
[info] 
[debug] [2023-05-16T17:18:59.758Z] >>> [apiv2][query] GET https://firebaserules.googleapis.com/v1/projects/chatapp-cdb61/releases pageSize=10&pageToken=
[debug] [2023-05-16T17:19:00.559Z] <<< [apiv2][status] GET https://firebaserules.googleapis.com/v1/projects/chatapp-cdb61/releases 200
[debug] [2023-05-16T17:19:00.559Z] <<< [apiv2][body] GET https://firebaserules.googleapis.com/v1/projects/chatapp-cdb61/releases {"releases":[{"name":"projects/chatapp-cdb61/releases/cloud.firestore","rulesetName":"projects/chatapp-cdb61/rulesets/b25164ea-d8a5-481f-be5e-a1a015a2c4ba","createTime":"2023-05-16T17:17:44.049673Z","updateTime":"2023-05-16T17:18:06.475602Z"}]}
[debug] [2023-05-16T17:19:00.559Z] Found ruleset: projects/chatapp-cdb61/rulesets/b25164ea-d8a5-481f-be5e-a1a015a2c4ba
[debug] [2023-05-16T17:19:00.560Z] >>> [apiv2][query] GET https://firebaserules.googleapis.com/v1/projects/chatapp-cdb61/rulesets/b25164ea-d8a5-481f-be5e-a1a015a2c4ba [none]
[debug] [2023-05-16T17:19:01.150Z] <<< [apiv2][status] GET https://firebaserules.googleapis.com/v1/projects/chatapp-cdb61/rulesets/b25164ea-d8a5-481f-be5e-a1a015a2c4ba 200
[debug] [2023-05-16T17:19:01.150Z] <<< [apiv2][body] GET https://firebaserules.googleapis.com/v1/projects/chatapp-cdb61/rulesets/b25164ea-d8a5-481f-be5e-a1a015a2c4ba [omitted]
[info] 
[info] Firestore indexes allow you to perform complex queries while
[info] maintaining performance that scales with the size of the result
[info] set. You can keep index definitions in your project directory
[info] and publish them with firebase deploy.
[info] 
[debug] [2023-05-16T17:19:09.042Z] >>> [apiv2][query] GET https://firestore.googleapis.com/v1/projects/chatapp-cdb61/databases/(default)/collectionGroups/-/indexes [none]
[debug] [2023-05-16T17:19:09.045Z] >>> [apiv2][query] GET https://firestore.googleapis.com/v1/projects/chatapp-cdb61/databases/(default)/collectionGroups/-/fields?filter=indexConfig.usesAncestorConfig=false OR ttlConfig:* [none]
[debug] [2023-05-16T17:19:09.352Z] <<< [apiv2][status] GET https://firestore.googleapis.com/v1/projects/chatapp-cdb61/databases/(default)/collectionGroups/-/indexes 200
[debug] [2023-05-16T17:19:09.353Z] <<< [apiv2][body] GET https://firestore.googleapis.com/v1/projects/chatapp-cdb61/databases/(default)/collectionGroups/-/indexes {}
[debug] [2023-05-16T17:19:10.682Z] <<< [apiv2][status] GET https://firestore.googleapis.com/v1/projects/chatapp-cdb61/databases/(default)/collectionGroups/-/fields?filter=indexConfig.usesAncestorConfig=false OR ttlConfig:* 200
[debug] [2023-05-16T17:19:10.682Z] <<< [apiv2][body] GET https://firestore.googleapis.com/v1/projects/chatapp-cdb61/databases/(default)/collectionGroups/-/fields?filter=indexConfig.usesAncestorConfig=false OR ttlConfig:* {"fields":[{"name":"projects/chatapp-cdb61/databases/(default)/collectionGroups/__default__/fields/*","indexConfig":{"indexes":[{"queryScope":"COLLECTION","fields":[{"fieldPath":"*","order":"ASCENDING"}],"state":"READY"},{"queryScope":"COLLECTION","fields":[{"fieldPath":"*","order":"DESCENDING"}],"state":"READY"},{"queryScope":"COLLECTION","fields":[{"fieldPath":"*","arrayConfig":"CONTAINS"}],"state":"READY"}]}}]}
[info] 
=== Functions Setup
[debug] [2023-05-16T17:19:10.686Z] > command requires scopes: ["email","openid","https://www.googleapis.com/auth/cloudplatformprojects.readonly","https://www.googleapis.com/auth/firebase","https://www.googleapis.com/auth/cloud-platform"]
[debug] [2023-05-16T17:19:10.686Z] > authorizing via signed-in user (kailashrajput8799@gmail.com)
[debug] [2023-05-16T17:19:10.686Z] [iam] checking project chatapp-cdb61 for permissions ["firebase.projects.get"]
[debug] [2023-05-16T17:19:10.688Z] >>> [apiv2][query] POST https://cloudresourcemanager.googleapis.com/v1/projects/chatapp-cdb61:testIamPermissions [none]
[debug] [2023-05-16T17:19:10.688Z] >>> [apiv2][(partial)header] POST https://cloudresourcemanager.googleapis.com/v1/projects/chatapp-cdb61:testIamPermissions x-goog-quota-user=projects/chatapp-cdb61
[debug] [2023-05-16T17:19:10.688Z] >>> [apiv2][body] POST https://cloudresourcemanager.googleapis.com/v1/projects/chatapp-cdb61:testIamPermissions {"permissions":["firebase.projects.get"]}
[debug] [2023-05-16T17:19:12.272Z] <<< [apiv2][status] POST https://cloudresourcemanager.googleapis.com/v1/projects/chatapp-cdb61:testIamPermissions 200
[debug] [2023-05-16T17:19:12.272Z] <<< [apiv2][body] POST https://cloudresourcemanager.googleapis.com/v1/projects/chatapp-cdb61:testIamPermissions {"permissions":["firebase.projects.get"]}
[debug] [2023-05-16T17:19:12.274Z] >>> [apiv2][query] GET https://serviceusage.googleapis.com/v1/projects/chatapp-cdb61/services/cloudfunctions.googleapis.com [none]
[debug] [2023-05-16T17:19:12.274Z] >>> [apiv2][(partial)header] GET https://serviceusage.googleapis.com/v1/projects/chatapp-cdb61/services/cloudfunctions.googleapis.com x-goog-quota-user=projects/chatapp-cdb61
[debug] [2023-05-16T17:19:12.279Z] >>> [apiv2][query] GET https://serviceusage.googleapis.com/v1/projects/chatapp-cdb61/services/runtimeconfig.googleapis.com [none]
[debug] [2023-05-16T17:19:12.279Z] >>> [apiv2][(partial)header] GET https://serviceusage.googleapis.com/v1/projects/chatapp-cdb61/services/runtimeconfig.googleapis.com x-goog-quota-user=projects/chatapp-cdb61
[debug] [2023-05-16T17:19:13.561Z] <<< [apiv2][status] GET https://serviceusage.googleapis.com/v1/projects/chatapp-cdb61/services/cloudfunctions.googleapis.com 200
[debug] [2023-05-16T17:19:13.561Z] <<< [apiv2][body] GET https://serviceusage.googleapis.com/v1/projects/chatapp-cdb61/services/cloudfunctions.googleapis.com [omitted]
[debug] [2023-05-16T17:19:13.562Z] >>> [apiv2][query] POST https://serviceusage.googleapis.com/v1/projects/chatapp-cdb61/services/cloudfunctions.googleapis.com:enable [none]
[debug] [2023-05-16T17:19:13.562Z] >>> [apiv2][(partial)header] POST https://serviceusage.googleapis.com/v1/projects/chatapp-cdb61/services/cloudfunctions.googleapis.com:enable x-goog-quota-user=projects/chatapp-cdb61
[debug] [2023-05-16T17:19:14.837Z] <<< [apiv2][status] GET https://serviceusage.googleapis.com/v1/projects/chatapp-cdb61/services/runtimeconfig.googleapis.com 200
[debug] [2023-05-16T17:19:14.837Z] <<< [apiv2][body] GET https://serviceusage.googleapis.com/v1/projects/chatapp-cdb61/services/runtimeconfig.googleapis.com [omitted]
[debug] [2023-05-16T17:19:15.868Z] <<< [apiv2][status] POST https://serviceusage.googleapis.com/v1/projects/chatapp-cdb61/services/cloudfunctions.googleapis.com:enable 200
[debug] [2023-05-16T17:19:15.868Z] <<< [apiv2][body] POST https://serviceusage.googleapis.com/v1/projects/chatapp-cdb61/services/cloudfunctions.googleapis.com:enable [omitted]
[debug] [2023-05-16T17:19:25.879Z] >>> [apiv2][query] GET https://serviceusage.googleapis.com/v1/projects/chatapp-cdb61/services/cloudfunctions.googleapis.com [none]
[debug] [2023-05-16T17:19:25.881Z] >>> [apiv2][(partial)header] GET https://serviceusage.googleapis.com/v1/projects/chatapp-cdb61/services/cloudfunctions.googleapis.com x-goog-quota-user=projects/chatapp-cdb61
[debug] [2023-05-16T17:19:27.961Z] <<< [apiv2][status] GET https://serviceusage.googleapis.com/v1/projects/chatapp-cdb61/services/cloudfunctions.googleapis.com 200
[debug] [2023-05-16T17:19:27.961Z] <<< [apiv2][body] GET https://serviceusage.googleapis.com/v1/projects/chatapp-cdb61/services/cloudfunctions.googleapis.com [omitted]
[info] Let's create a new codebase for your functions.
[info] A directory corresponding to the codebase will be created in your project
[info] with sample code pre-configured.

[info] See https://firebase.google.com/docs/functions/organize-functions for
[info] more information on organizing your functions using codebases.

[info] Functions can be deployed with firebase deploy.

[info] +  Wrote functions/package.json 
[info] +  Wrote functions/index.js 
[info] +  Wrote functions/.gitignore 
[info] 
=== Hosting Setup
[info] 
[info] Your public directory is the folder (relative to your project directory) that
[info] will contain Hosting assets to be uploaded with firebase deploy. If you
[info] have a build process for your assets, use your build's output directory.
[info] 
[info] +  Wrote public/404.html 
[debug] [2023-05-16T17:21:39.082Z] >>> [apiv2][query] GET https://www.gstatic.com/firebasejs/releases.json [none]
[debug] [2023-05-16T17:21:39.399Z] <<< [apiv2][status] GET https://www.gstatic.com/firebasejs/releases.json 200
[debug] [2023-05-16T17:21:39.399Z] <<< [apiv2][body] GET https://www.gstatic.com/firebasejs/releases.json {"current":{"version":"9.22.0","browserURL":"https://www.gstatic.com/firebasejs/9.22.0/firebase.js","packageURL":"https://www.gstatic.com/firebasejs/9.22.0/firebase.tgz"},"live":{"version":"9.22","browserURL":"https://www.gstatic.com/firebasejs/live/9.22/firebase.js","packageURL":"https://www.gstatic.com/firebasejs/live/9.22/firebase.tgz"},"components":{"analytics":"https://www.gstatic.com/firebasejs/9.22.0/firebase-analytics.js","app":"https://www.gstatic.com/firebasejs/9.22.0/firebase-app.js","app-check":"https://www.gstatic.com/firebasejs/9.22.0/firebase-app-check.js","auth":"https://www.gstatic.com/firebasejs/9.22.0/firebase-auth.js","auth/cordova":"https://www.gstatic.com/firebasejs/9.22.0/firebase-auth/cordova.js","auth/react-native":"https://www.gstatic.com/firebasejs/9.22.0/firebase-auth/react-native.js","functions":"https://www.gstatic.com/firebasejs/9.22.0/firebase-functions.js","firestore":"https://www.gstatic.com/firebasejs/9.22.0/firebase-firestore.js","firestore/lite":"https://www.gstatic.com/firebasejs/9.22.0/firebase-firestore/lite.js","installations":"https://www.gstatic.com/firebasejs/9.22.0/firebase-installations.js","storage":"https://www.gstatic.com/firebasejs/9.22.0/firebase-storage.js","performance":"https://www.gstatic.com/firebasejs/9.22.0/firebase-performance.js","remote-config":"https://www.gstatic.com/firebasejs/9.22.0/firebase-remote-config.js","messaging":"https://www.gstatic.com/firebasejs/9.22.0/firebase-messaging.js","messaging/sw":"https://www.gstatic.com/firebasejs/9.22.0/firebase-messaging/sw.js","database":"https://www.gstatic.com/firebasejs/9.22.0/firebase-database.js","firestore.memory":"https://www.gstatic.com/firebasejs/9.22.0/firebase-firestore.memory.js"}}
[info] +  Wrote public/index.html 
[info] 
[info] i  Didn't detect a .git folder. Assuming D:\Project\React-native\Chatapp is the project root. 
[info] i  Authorizing with GitHub to upload your service account to a GitHub repository's secrets store. 
[info] 
[info] Visit this URL on this device to log in:
[info] https://github.com/login/oauth/authorize?client_id=89cf50f02ac6aaed3484&state=934608264&redirect_uri=http%3A%2F%2Flocalhost%3A9005&scope=read%3Auser%20repo%20public_repo
[info] 
[info] Waiting for authentication...
[debug] [2023-05-16T17:21:59.737Z] >>> [apiv2][query] POST https://github.com/login/oauth/access_token [none]
[debug] [2023-05-16T17:21:59.737Z] >>> [apiv2][body] POST https://github.com/login/oauth/access_token [stream]
[debug] [2023-05-16T17:22:00.367Z] <<< [apiv2][status] POST https://github.com/login/oauth/access_token 200
[debug] [2023-05-16T17:22:00.367Z] <<< [apiv2][body] POST https://github.com/login/oauth/access_token {"access_token":"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","token_type":"bearer","scope":"read:user,repo"}
[debug] [2023-05-16T17:22:00.383Z] >>> [apiv2][query] GET https://api.github.com/user [none]
[debug] [2023-05-16T17:22:01.188Z] <<< [apiv2][status] GET https://api.github.com/user 200
[debug] [2023-05-16T17:22:01.188Z] <<< [apiv2][body] GET https://api.github.com/user {"login":"Kailash8799","id":98249911,"node_id":"U_kgDOBdsstw","avatar_url":"https://avatars.githubusercontent.com/u/98249911?v=4","gravatar_id":"","url":"https://api.github.com/users/Kailash8799","html_url":"https://github.com/Kailash8799","followers_url":"https://api.github.com/users/Kailash8799/followers","following_url":"https://api.github.com/users/Kailash8799/following{/other_user}","gists_url":"https://api.github.com/users/Kailash8799/gists{/gist_id}","starred_url":"https://api.github.com/users/Kailash8799/starred{/owner}{/repo}","subscriptions_url":"https://api.github.com/users/Kailash8799/subscriptions","organizations_url":"https://api.github.com/users/Kailash8799/orgs","repos_url":"https://api.github.com/users/Kailash8799/repos","events_url":"https://api.github.com/users/Kailash8799/events{/privacy}","received_events_url":"https://api.github.com/users/Kailash8799/received_events","type":"User","site_admin":false,"name":"Kailash Rajput","company":null,"blog":"https://kailashrajput.netlify.app/","location":null,"email":null,"hireable":null,"bio":null,"twitter_username":"kailash8799","public_repos":17,"public_gists":0,"followers":8,"following":32,"created_at":"2022-01-23T05:50:01Z","updated_at":"2023-04-30T13:38:11Z","private_gists":0,"total_private_repos":4,"owned_private_repos":4,"disk_usage":78054,"collaborators":0,"two_factor_authentication":false,"plan":{"name":"pro","space":976562499,"collaborators":0,"private_repos":9999}}
[info] 
[info] +  Success! Logged into GitHub as Kailash8799 
[info] 
[debug] [2023-05-16T17:22:37.969Z] >>> [apiv2][query] GET https://api.github.com/repos/kailash/actions/secrets/public-key type=owner
[debug] [2023-05-16T17:22:39.478Z] <<< [apiv2][status] GET https://api.github.com/repos/kailash/actions/secrets/public-key 404
[debug] [2023-05-16T17:22:39.478Z] <<< [apiv2][body] GET https://api.github.com/repos/kailash/actions/secrets/public-key {"message":"Not Found","documentation_url":"https://docs.github.com/rest"}
[info] 
[info] 
[error] !  The provided authorization cannot be used with this repository. If this repository is in an organization, did you remember to grant access? 
[info] 
[info] i  Action required: Visit this URL to ensure access has been granted to the appropriate organization(s) for the Firebase CLI GitHub OAuth App: 
[info] https://github.com/settings/connections/applications/89cf50f02ac6aaed3484
[info] 
[debug] [2023-05-16T17:22:45.933Z] >>> [apiv2][query] GET https://api.github.com/repos/kailash/actions/secrets/public-key type=owner
[debug] [2023-05-16T17:22:46.397Z] <<< [apiv2][status] GET https://api.github.com/repos/kailash/actions/secrets/public-key 404
[debug] [2023-05-16T17:22:46.397Z] <<< [apiv2][body] GET https://api.github.com/repos/kailash/actions/secrets/public-key {"message":"Not Found","documentation_url":"https://docs.github.com/rest"}
[info] 
[info] 
[error] !  The provided authorization cannot be used with this repository. If this repository is in an organization, did you remember to grant access? 
[info] 
[info] i  Action required: Visit this URL to ensure access has been granted to the appropriate organization(s) for the Firebase CLI GitHub OAuth App: 
[info] https://github.com/settings/connections/applications/89cf50f02ac6aaed3484
[info] 
